[09-Oct-2024 19:26:37 UTC] PHP Fatal error:  A function with return type must return a value in C:\Users\angga\dev\DB KLIK\dex\app\Filament\Resources\MaintenanceAssignmentResource\Pages\CreateMaintenanceAssignment.php on line 26
[09-Oct-2024 19:47:03 UTC] PHP Fatal error:  A function with return type must return a value in C:\Users\angga\dev\DB KLIK\dex\app\Filament\Resources\MaintenanceAssignmentResource\Pages\CreateMaintenanceAssignment.php on line 30
[11-Oct-2024 04:29:00 UTC] PHP Fatal error:  Cannot make static method Filament\Resources\Resource::getBreadcrumb() non static in class App\Filament\Clusters\MediaDocument\Resources\HeroSectionResource in C:\Users\angga\dev\DB KLIK\dex\app\Filament\Clusters\MediaDocument\Resources\HeroSectionResource.php on line 74
[11-Oct-2024 06:11:22 UTC] PHP Fatal error:  Cannot make static method Filament\Resources\Resource::getBreadcrumb() non static in class App\Filament\Clusters\MediaDocument\Resources\HeroSectionResource in C:\Users\angga\dev\DB KLIK\dex\app\Filament\Clusters\MediaDocument\Resources\HeroSectionResource.php on line 74
[11-Oct-2024 17:16:49 UTC] PHP Fatal error:  Type of App\Filament\Resources\MaintenanceAssignmentResource\Pages\ListMaintenanceAssignments::$title must be ?string (as in class Filament\Pages\BasePage) in C:\Users\angga\dev\DB KLIK\dex\app\Filament\Resources\MaintenanceAssignmentResource\Pages\ListMaintenanceAssignments.php on line 9
[26-Oct-2024 04:57:52 UTC] PHP Fatal error:  Type of App\Filament\Resources\MaintenanceResource\Pages\EditMaintenancePumpData::$subNavigationPosition must be Filament\Pages\SubNavigationPosition (as in class Filament\Pages\Page) in C:\Users\angga\dev\DB KLIK\dex\app\Filament\Resources\MaintenanceResource\Pages\EditMaintenancePumpData.php on line 10
[26-Oct-2024 14:47:00 UTC] PHP Warning:  POST Content-Length of 16425621 bytes exceeds the limit of 8388608 bytes in Unknown on line 0
[26-Oct-2024 14:49:35 UTC] PHP Warning:  POST Content-Length of 16425573 bytes exceeds the limit of 8388608 bytes in Unknown on line 0
[26-Oct-2024 14:49:49 UTC] PHP Warning:  POST Content-Length of 16425573 bytes exceeds the limit of 8388608 bytes in Unknown on line 0
[27-Oct-2024 11:25:45 UTC] PHP Warning:  POST Content-Length of 16425601 bytes exceeds the limit of 8388608 bytes in Unknown on line 0
[27-Oct-2024 11:26:06 UTC] PHP Warning:  POST Content-Length of 16425601 bytes exceeds the limit of 8388608 bytes in Unknown on line 0
[28-Oct-2024 11:25:20 UTC] PHP Fatal error:  Cannot use empty array elements in arrays in C:\Users\angga\dev\DB KLIK\dex\app\Filament\Resources\MaintenanceResource.php on line 84
[02-Nov-2024 02:59:49 UTC] PHP Fatal error:  Maximum execution time of 30 seconds exceeded in C:\Users\angga\dev\DB KLIK\dex\vendor\symfony\process\Pipes\WindowsPipes.php on line 146
[02-Nov-2024 03:00:22 UTC] PHP Fatal error:  Maximum execution time of 30 seconds exceeded in C:\Users\angga\dev\DB KLIK\dex\vendor\symfony\process\Pipes\WindowsPipes.php on line 146
[02-Nov-2024 03:01:00 UTC] PHP Fatal error:  Maximum execution time of 30 seconds exceeded in C:\Users\angga\dev\DB KLIK\dex\vendor\symfony\process\Pipes\WindowsPipes.php on line 146
[02-Nov-2024 03:04:04 UTC] PHP Fatal error:  Maximum execution time of 30 seconds exceeded in C:\Users\angga\dev\DB KLIK\dex\vendor\symfony\process\Pipes\WindowsPipes.php on line 146
[02-Nov-2024 03:04:44 UTC] PHP Fatal error:  Maximum execution time of 30 seconds exceeded in C:\Users\angga\dev\DB KLIK\dex\vendor\symfony\process\Pipes\WindowsPipes.php on line 146
[02-Nov-2024 03:29:26 UTC] PHP Fatal error:  Maximum execution time of 30 seconds exceeded in C:\Users\angga\dev\DB KLIK\dex\vendor\symfony\process\Pipes\WindowsPipes.php on line 146
[02-Nov-2024 03:35:26 UTC] PHP Fatal error:  Maximum execution time of 30 seconds exceeded in C:\Users\angga\dev\DB KLIK\dex\vendor\symfony\process\Pipes\WindowsPipes.php on line 146
[02-Nov-2024 03:39:29 UTC] PHP Fatal error:  Maximum execution time of 30 seconds exceeded in C:\Users\angga\dev\DB KLIK\dex\vendor\symfony\process\Pipes\WindowsPipes.php on line 146
[02-Nov-2024 03:49:56 UTC] PHP Fatal error:  Maximum execution time of 30 seconds exceeded in C:\Users\angga\dev\DB KLIK\dex\vendor\symfony\process\Pipes\WindowsPipes.php on line 146
[02-Nov-2024 03:50:26 UTC] PHP Fatal error:  Maximum execution time of 30 seconds exceeded in C:\Users\angga\dev\DB KLIK\dex\vendor\symfony\process\Pipes\WindowsPipes.php on line 146
[02-Nov-2024 03:50:57 UTC] PHP Fatal error:  Maximum execution time of 30 seconds exceeded in C:\Users\angga\dev\DB KLIK\dex\vendor\symfony\process\Pipes\WindowsPipes.php on line 146
[02-Nov-2024 03:53:37 UTC] PHP Fatal error:  Maximum execution time of 30 seconds exceeded in C:\Users\angga\dev\DB KLIK\dex\vendor\symfony\process\Pipes\WindowsPipes.php on line 146
[02-Nov-2024 03:54:45 UTC] PHP Fatal error:  Maximum execution time of 30 seconds exceeded in C:\Users\angga\dev\DB KLIK\dex\vendor\symfony\process\Pipes\WindowsPipes.php on line 146
[02-Nov-2024 03:57:09 UTC] PHP Fatal error:  Maximum execution time of 30 seconds exceeded in C:\Users\angga\dev\DB KLIK\dex\vendor\symfony\process\Pipes\WindowsPipes.php on line 146
[02-Nov-2024 03:58:14 UTC] PHP Fatal error:  Maximum execution time of 30 seconds exceeded in C:\Users\angga\dev\DB KLIK\dex\vendor\symfony\process\Pipes\WindowsPipes.php on line 146
[02-Nov-2024 04:01:09 UTC] PHP Fatal error:  Maximum execution time of 30 seconds exceeded in C:\Users\angga\dev\DB KLIK\dex\vendor\symfony\process\Pipes\WindowsPipes.php on line 146
[02-Nov-2024 04:02:54 UTC] PHP Fatal error:  Maximum execution time of 30 seconds exceeded in C:\Users\angga\dev\DB KLIK\dex\vendor\symfony\process\Pipes\WindowsPipes.php on line 146
[02-Nov-2024 06:18:57 UTC] PHP Fatal error:  Maximum execution time of 30 seconds exceeded in C:\Users\angga\dev\DB KLIK\dex\vendor\symfony\process\Pipes\WindowsPipes.php on line 146
[02-Nov-2024 17:00:54 UTC] PHP Fatal error:  Cannot make non static method Filament\Resources\Pages\EditRecord::form() static in class App\Filament\Resources\MaintenanceAssignmentResource\Pages\EditMaintenanceAssignment in C:\Users\angga\dev\DB KLIK\dex\app\Filament\Resources\MaintenanceAssignmentResource\Pages\EditMaintenanceAssignment.php on line 20
[03-Nov-2024 07:02:05 UTC] PHP Warning:  POST Content-Length of 8906544 bytes exceeds the limit of 8388608 bytes in Unknown on line 0
[03-Nov-2024 07:03:53 UTC] PHP Warning:  POST Content-Length of 8906544 bytes exceeds the limit of 8388608 bytes in Unknown on line 0
[03-Nov-2024 07:19:35 UTC] PHP Warning:  POST Content-Length of 9502699 bytes exceeds the limit of 8388608 bytes in Unknown on line 0
[03-Nov-2024 08:13:28 UTC] PHP Fatal error:  Type of App\Filament\Resources\MaintenanceResource::$navigationSort must be ?int (as in class Filament\Resources\Resource) in C:\Users\angga\dev\DB KLIK\dex\app\Filament\Resources\MaintenanceResource.php on line 29
